<?xml version="1.0" encoding="UTF-8"?>
<testng-results ignored="0" total="1" passed="1" failed="0" skipped="0">
  <reporter-output>
  </reporter-output>
  <suite started-at="2022-03-02T18:03:28 IST" name="Default suite" finished-at="2022-03-02T18:03:32 IST" duration-ms="4825">
    <groups>
    </groups>
    <test started-at="2022-03-02T18:03:28 IST" name="Default test" finished-at="2022-03-02T18:03:32 IST" duration-ms="4825">
      <class name="restassuredTests.Demo2_POST_Request">
        <test-method is-config="true" signature="postDataPrerequisites()[pri:0, instance:restassuredTests.Demo2_POST_Request@4f209819]" started-at="2022-03-02T18:03:28 IST" name="postDataPrerequisites" finished-at="2022-03-02T18:03:29 IST" duration-ms="1088" status="PASS">
          <reporter-output>
          </reporter-output>
        </test-method> <!-- postDataPrerequisites -->
        <test-method signature="postData()[pri:0, instance:restassuredTests.Demo2_POST_Request@4f209819]" started-at="2022-03-02T18:03:29 IST" name="postData" finished-at="2022-03-02T18:03:32 IST" duration-ms="3686" status="PASS">
          <reporter-output>
          </reporter-output>
        </test-method> <!-- postData -->
      </class> <!-- restassuredTests.Demo2_POST_Request -->
    </test> <!-- Default test -->
  </suite> <!-- Default suite -->
</testng-results>
